e:\windowspe_projects\displaysettings\debug\shellcore.pch
e:\windowspe_projects\displaysettings\debug\vc141.pdb
e:\windowspe_projects\displaysettings\debug\vc141.idb
e:\windowspe_projects\displaysettings\debug\pch.sbr
e:\windowspe_projects\displaysettings\debug\pch.obj
e:\windowspe_projects\displaysettings\debug\dllmain.sbr
e:\windowspe_projects\displaysettings\debug\stringunsafe.sbr
e:\windowspe_projects\displaysettings\debug\stringunsafe.obj
e:\windowspe_projects\displaysettings\debug\dllmain.obj
e:\windowspe_projects\bin\shellcore.dll
e:\windowspe_projects\bin\shellcore.ilk
e:\windowspe_projects\bin\shellcore.pdb
e:\windowspe_projects\bin\shellcore.lib
e:\windowspe_projects\bin\shellcore.exp
e:\windowspe_projects\displaysettings\..\bin\shellcore.dll
e:\windowspe_projects\displaysettings\debug\shellcore.tlog\bscmake.command.1.tlog
e:\windowspe_projects\displaysettings\debug\shellcore.tlog\bscmake.read.1.tlog
e:\windowspe_projects\displaysettings\debug\shellcore.tlog\cl.command.1.tlog
e:\windowspe_projects\displaysettings\debug\shellcore.tlog\cl.read.1.tlog
e:\windowspe_projects\displaysettings\debug\shellcore.tlog\cl.write.1.tlog
e:\windowspe_projects\displaysettings\debug\shellcore.tlog\link.command.1.tlog
e:\windowspe_projects\displaysettings\debug\shellcore.tlog\link.read.1.tlog
e:\windowspe_projects\displaysettings\debug\shellcore.tlog\link.write.1.tlog
e:\windowspe_projects\displaysettings\debug\shellcore.tlog\shellcore.write.1u.tlog
