e:\windowspe_projects\shellcore\x64\debug\vc141.pdb
e:\windowspe_projects\shellcore\x64\debug\vc141.idb
e:\windowspe_projects\shellcore\x64\debug\dllmain.sbr
e:\windowspe_projects\shellcore\x64\debug\dllmain.obj
e:\windowspe_projects\bin\system32\shellcore.dll
e:\windowspe_projects\bin\system32\shellcore.ilk
e:\windowspe_projects\bin\system32\shellcore.pdb
e:\windowspe_projects\bin\system32\shellcore.lib
e:\windowspe_projects\bin\system32\shellcore.exp
e:\windowspe_projects\shellcore\..\bin\system32\shellcore.dll
e:\windowspe_projects\shellcore\x64\debug\shellcore.tlog\bscmake.command.1.tlog
e:\windowspe_projects\shellcore\x64\debug\shellcore.tlog\bscmake.read.1.tlog
e:\windowspe_projects\shellcore\x64\debug\shellcore.tlog\cl.command.1.tlog
e:\windowspe_projects\shellcore\x64\debug\shellcore.tlog\cl.read.1.tlog
e:\windowspe_projects\shellcore\x64\debug\shellcore.tlog\cl.write.1.tlog
e:\windowspe_projects\shellcore\x64\debug\shellcore.tlog\link.32744.delete.1.tlog
e:\windowspe_projects\shellcore\x64\debug\shellcore.tlog\link.36496.delete.1.tlog
e:\windowspe_projects\shellcore\x64\debug\shellcore.tlog\link.command.1.tlog
e:\windowspe_projects\shellcore\x64\debug\shellcore.tlog\link.read.1.tlog
e:\windowspe_projects\shellcore\x64\debug\shellcore.tlog\link.write.1.tlog
e:\windowspe_projects\shellcore\x64\debug\shellcore.tlog\shellcore.write.1u.tlog
